POST /api/v1/users/login 200 , header-size: 506 bytes , response-body: 193 bytes - 157.578 ms
GET /api/v1/dashboard 500 , header-size: 54982 bytes , response-body: 60 bytes - 2.631 ms
GET /api/v1/dashboard 200 , header-size: 427 bytes , response-body: 41 bytes - 13.411 ms
GET /api/v1/dashboard 200 , header-size: 427 bytes , response-body: 41 bytes - 5.261 ms
GET /api/v1/dashboard 500 , header-size: 426 bytes , response-body: 88 bytes - 29.950 ms
GET /api/v1/dashboard 200 , header-size: 427 bytes , response-body: 41 bytes - 4.527 ms
POST /api/v1/tasks/ 201 , header-size: 427 bytes , response-body: 146 bytes - 27.139 ms
GET /api/v1/tasks 200 , header-size: 371 bytes , response-body: 129 bytes - 29.253 ms
POST /api/v1/users/logout 200 , header-size: 392 bytes , response-body: 56 bytes - 18.013 ms
POST /api/v1/users/register 201 , header-size: 198 bytes , response-body: 217 bytes - 72.409 ms
POST /api/v1/users/register 422 , header-size: 198 bytes , response-body: 70 bytes - 4.392 ms
POST /api/v1/users/login 200 , header-size: 198 bytes , response-body: 193 bytes - 42.412 ms
POST /api/v1/users/login 400 , header-size: 198 bytes , response-body: 65 bytes - 1.629 ms
GET /api/v1/tasks 500 , header-size: 166 bytes , response-body: 67 bytes - 0.999 ms
GET /api/v1/tasks 500 , header-size: 199 bytes , response-body: 60 bytes - 0.287 ms
POST /api/v1/tasks 500 , header-size: 222 bytes , response-body: 67 bytes - 0.193 ms
POST /api/v1/tasks 500 , header-size: 255 bytes , response-body: 60 bytes - 0.274 ms
POST /api/v1/users/register 201 , header-size: 198 bytes , response-body: 217 bytes - 18.827 ms
POST /api/v1/users/register 422 , header-size: 198 bytes , response-body: 70 bytes - 3.364 ms
POST /api/v1/users/login 200 , header-size: 198 bytes , response-body: 193 bytes - 9.377 ms
POST /api/v1/users/login 400 , header-size: 198 bytes , response-body: 65 bytes - 2.506 ms
GET /api/v1/tasks 500 , header-size: 166 bytes , response-body: 67 bytes - 0.571 ms
GET /api/v1/tasks 500 , header-size: 199 bytes , response-body: 60 bytes - 0.294 ms
POST /api/v1/tasks 500 , header-size: 222 bytes , response-body: 67 bytes - 0.212 ms
POST /api/v1/tasks 500 , header-size: 255 bytes , response-body: 60 bytes - 0.294 ms
POST /api/v1/users/register 201 , header-size: 198 bytes , response-body: 217 bytes - 19.314 ms
POST /api/v1/users/register 422 , header-size: 198 bytes , response-body: 70 bytes - 7.581 ms
POST /api/v1/users/login 200 , header-size: 198 bytes , response-body: 193 bytes - 14.028 ms
POST /api/v1/users/login 400 , header-size: 198 bytes , response-body: 65 bytes - 3.087 ms
GET /api/v1/tasks 200 , header-size: 316 bytes , response-body: 11 bytes - 6.280 ms
GET /api/v1/tasks 500 , header-size: 199 bytes , response-body: 60 bytes - 0.387 ms
POST /api/v1/tasks 201 , header-size: 372 bytes , response-body: 155 bytes - 4.829 ms
POST /api/v1/tasks 500 , header-size: 255 bytes , response-body: 60 bytes - 0.206 ms
PUT /api/v1/tasks/6459d8024179d6c6792c9e0c 200 , header-size: 372 bytes , response-body: 135 bytes - 6.208 ms
PUT /api/v1/tasks/6459d8024179d6c6792c9e0c 500 , header-size: 255 bytes , response-body: 60 bytes - 0.479 ms
DELETE /api/v1/tasks/6459d8024179d6c6792c9e0c 500 , header-size: 199 bytes , response-body: 60 bytes - 1.088 ms
DELETE /api/v1/tasks/6459d8024179d6c6792c9e0c 200 , header-size: 316 bytes , response-body: 20 bytes - 7.087 ms
POST /api/v1/users/register 201 , header-size: 198 bytes , response-body: 217 bytes - 7.470 ms
POST /api/v1/users/register 422 , header-size: 198 bytes , response-body: 70 bytes - 2.121 ms
POST /api/v1/users/login 200 , header-size: 198 bytes , response-body: 193 bytes - 4.858 ms
POST /api/v1/users/login 400 , header-size: 198 bytes , response-body: 65 bytes - 3.141 ms
GET /api/v1/tasks 200 , header-size: 316 bytes , response-body: 11 bytes - 3.413 ms
GET /api/v1/tasks 500 , header-size: 199 bytes , response-body: 60 bytes - 0.206 ms
POST /api/v1/tasks 201 , header-size: 372 bytes , response-body: 155 bytes - 3.425 ms
POST /api/v1/tasks 500 , header-size: 255 bytes , response-body: 60 bytes - 0.206 ms
PUT /api/v1/tasks/6459d8344179d6c6792c9e1e 200 , header-size: 372 bytes , response-body: 135 bytes - 5.532 ms
PUT /api/v1/tasks/6459d8344179d6c6792c9e1e 500 , header-size: 255 bytes , response-body: 60 bytes - 0.236 ms
DELETE /api/v1/tasks/6459d8344179d6c6792c9e1e 500 , header-size: 199 bytes , response-body: 60 bytes - 0.263 ms
DELETE /api/v1/tasks/6459d8344179d6c6792c9e1e 200 , header-size: 316 bytes , response-body: 20 bytes - 3.865 ms
POST /api/v1/users/login 200 , header-size: 506 bytes , response-body: 193 bytes - 30.563 ms
POST /api/v1/tasks/ 201 , header-size: 427 bytes , response-body: 146 bytes - 26.178 ms
POST /api/v1/tasks/ 500 , header-size: 430 bytes , response-body: 64 bytes - 0.985 ms
POST /api/v1/tasks/ 500 , header-size: 427 bytes , response-body: 64 bytes - 0.760 ms
POST /api/v1/tasks/ 201 , header-size: 427 bytes , response-body: 146 bytes - 14.893 ms
PUT /api/v1/tasks/6459d9511199f1e243ca36a8 200 , header-size: 392 bytes , response-body: 127 bytes - 16.171 ms
PUT /api/v1/tasks/6459d9511199f1e243ca36a8 200 , header-size: 392 bytes , response-body: 127 bytes - 8.619 ms
PUT /api/v1/tasks/6459d9511199f1e243ca36a8 200 , header-size: 392 bytes , response-body: 127 bytes - 11.673 ms
PUT /api/v1/tasks/6459d9511199f1e243ca36a8 500 , header-size: 391 bytes , response-body: 64 bytes - 0.731 ms
POST /api/v1/users/register 201 , header-size: 198 bytes , response-body: 217 bytes - 7.626 ms
POST /api/v1/users/register 422 , header-size: 198 bytes , response-body: 70 bytes - 2.082 ms
POST /api/v1/users/login 200 , header-size: 198 bytes , response-body: 193 bytes - 4.491 ms
POST /api/v1/users/login 400 , header-size: 198 bytes , response-body: 65 bytes - 1.760 ms
GET /api/v1/tasks 200 , header-size: 316 bytes , response-body: 11 bytes - 3.401 ms
GET /api/v1/tasks 500 , header-size: 199 bytes , response-body: 60 bytes - 0.279 ms
POST /api/v1/tasks 201 , header-size: 372 bytes , response-body: 155 bytes - 3.403 ms
POST /api/v1/tasks 500 , header-size: 255 bytes , response-body: 60 bytes - 0.278 ms
PUT /api/v1/tasks/6459d9981199f1e243ca36bd 200 , header-size: 372 bytes , response-body: 135 bytes - 6.143 ms
POST /api/v1/users/register 201 , header-size: 198 bytes , response-body: 217 bytes - 18.508 ms
POST /api/v1/users/register 422 , header-size: 198 bytes , response-body: 70 bytes - 3.030 ms
POST /api/v1/users/login 200 , header-size: 198 bytes , response-body: 193 bytes - 6.049 ms
POST /api/v1/users/login 400 , header-size: 198 bytes , response-body: 65 bytes - 2.250 ms
GET /api/v1/tasks 200 , header-size: 316 bytes , response-body: 11 bytes - 5.228 ms
GET /api/v1/tasks 500 , header-size: 199 bytes , response-body: 60 bytes - 0.298 ms
POST /api/v1/tasks 201 , header-size: 372 bytes , response-body: 155 bytes - 4.632 ms
POST /api/v1/tasks 500 , header-size: 255 bytes , response-body: 60 bytes - 0.194 ms
PUT /api/v1/tasks/6459d9ad39281cd39b4fc658 200 , header-size: 372 bytes , response-body: 135 bytes - 6.169 ms
POST /api/v1/users/register 201 , header-size: 198 bytes , response-body: 217 bytes - 19.282 ms
POST /api/v1/users/register 422 , header-size: 198 bytes , response-body: 70 bytes - 3.056 ms
POST /api/v1/users/login 200 , header-size: 198 bytes , response-body: 193 bytes - 5.998 ms
POST /api/v1/users/login 400 , header-size: 198 bytes , response-body: 65 bytes - 1.981 ms
GET /api/v1/tasks 200 , header-size: 316 bytes , response-body: 11 bytes - 5.419 ms
GET /api/v1/tasks 500 , header-size: 199 bytes , response-body: 60 bytes - 0.340 ms
POST /api/v1/tasks 201 , header-size: 372 bytes , response-body: 155 bytes - 4.599 ms
POST /api/v1/tasks 500 , header-size: 255 bytes , response-body: 60 bytes - 0.198 ms
PUT /api/v1/tasks/6459d9b6a2609481371fd53d 200 , header-size: 372 bytes , response-body: 135 bytes - 5.566 ms
PUT /api/v1/tasks/6459d9b6a2609481371fd53d 500 , header-size: 255 bytes , response-body: 60 bytes - 0.361 ms
DELETE /api/v1/tasks/6459d9b6a2609481371fd53d 500 , header-size: 199 bytes , response-body: 60 bytes - 0.216 ms
DELETE /api/v1/tasks/6459d9b6a2609481371fd53d 200 , header-size: 316 bytes , response-body: 20 bytes - 6.363 ms
POST /api/v1/users/register 201 , header-size: 198 bytes , response-body: 217 bytes - 10.609 ms
POST /api/v1/users/register 422 , header-size: 198 bytes , response-body: 70 bytes - 3.234 ms
POST /api/v1/users/login 200 , header-size: 198 bytes , response-body: 193 bytes - 7.567 ms
POST /api/v1/users/login 400 , header-size: 198 bytes , response-body: 65 bytes - 1.964 ms
GET /api/v1/tasks 200 , header-size: 316 bytes , response-body: 11 bytes - 4.119 ms
GET /api/v1/tasks 500 , header-size: 199 bytes , response-body: 60 bytes - 0.217 ms
POST /api/v1/tasks 201 , header-size: 372 bytes , response-body: 155 bytes - 3.240 ms
POST /api/v1/tasks 500 , header-size: 255 bytes , response-body: 60 bytes - 0.220 ms
PUT /api/v1/tasks/6459d9d0a2609481371fd54f 200 , header-size: 372 bytes , response-body: 135 bytes - 5.794 ms
PUT /api/v1/tasks/6459d9d0a2609481371fd54f 500 , header-size: 255 bytes , response-body: 60 bytes - 0.268 ms
DELETE /api/v1/tasks/6459d9d0a2609481371fd54f 500 , header-size: 199 bytes , response-body: 60 bytes - 0.201 ms
DELETE /api/v1/tasks/6459d9d0a2609481371fd54f 200 , header-size: 316 bytes , response-body: 20 bytes - 4.244 ms
POST /api/v1/users/register 201 , header-size: 198 bytes , response-body: 217 bytes - 5.555 ms
POST /api/v1/users/register 422 , header-size: 198 bytes , response-body: 70 bytes - 3.570 ms
POST /api/v1/users/login 200 , header-size: 198 bytes , response-body: 193 bytes - 5.055 ms
POST /api/v1/users/login 400 , header-size: 198 bytes , response-body: 65 bytes - 2.268 ms
GET /api/v1/tasks 200 , header-size: 316 bytes , response-body: 11 bytes - 5.585 ms
GET /api/v1/tasks 500 , header-size: 199 bytes , response-body: 60 bytes - 0.295 ms
POST /api/v1/tasks 201 , header-size: 372 bytes , response-body: 155 bytes - 4.125 ms
POST /api/v1/tasks 500 , header-size: 255 bytes , response-body: 60 bytes - 0.241 ms
PUT /api/v1/tasks/6459d9d6a2609481371fd561 200 , header-size: 372 bytes , response-body: 135 bytes - 4.437 ms
PUT /api/v1/tasks/6459d9d6a2609481371fd561 500 , header-size: 255 bytes , response-body: 60 bytes - 0.273 ms
DELETE /api/v1/tasks/6459d9d6a2609481371fd561 500 , header-size: 199 bytes , response-body: 60 bytes - 0.260 ms
DELETE /api/v1/tasks/6459d9d6a2609481371fd561 200 , header-size: 316 bytes , response-body: 20 bytes - 8.988 ms
POST /api/v1/users/register 201 , header-size: 198 bytes , response-body: 217 bytes - 9.591 ms
POST /api/v1/users/register 422 , header-size: 198 bytes , response-body: 70 bytes - 2.926 ms
POST /api/v1/users/login 200 , header-size: 198 bytes , response-body: 193 bytes - 8.409 ms
POST /api/v1/users/login 400 , header-size: 198 bytes , response-body: 65 bytes - 4.893 ms
GET /api/v1/tasks 200 , header-size: 316 bytes , response-body: 11 bytes - 5.395 ms
GET /api/v1/tasks 500 , header-size: 199 bytes , response-body: 60 bytes - 0.429 ms
POST /api/v1/tasks 201 , header-size: 372 bytes , response-body: 155 bytes - 4.910 ms
POST /api/v1/tasks 500 , header-size: 255 bytes , response-body: 60 bytes - 0.293 ms
PUT /api/v1/tasks/6459d9fda2609481371fd573 200 , header-size: 372 bytes , response-body: 135 bytes - 10.941 ms
PUT /api/v1/tasks/6459d9fda2609481371fd573 500 , header-size: 255 bytes , response-body: 60 bytes - 0.440 ms
DELETE /api/v1/tasks/6459d9fda2609481371fd573 500 , header-size: 199 bytes , response-body: 60 bytes - 0.468 ms
DELETE /api/v1/tasks/6459d9fda2609481371fd573 200 , header-size: 316 bytes , response-body: 20 bytes - 6.460 ms
